Temp/gradleOut/launcher/build/intermediates/manifest_merge_blame_file/release/manifest-merger-blame-release-report.txt
1<?xml version="1.0" encoding="utf-8"?>
2<!-- GENERATED BY UNITY. REMOVE THIS COMMENT TO PREVENT OVERWRITING WHEN EXPORTING AGAIN -->
3<manifest xmlns:android="http://schemas.android.com/apk/res/android"
4    package="com.noi.quickdb"
5    android:installLocation="preferExternal"
6    android:versionCode="1"
7    android:versionName="1.0.3" >
8
9    <uses-sdk
10        android:minSdkVersion="19"
10-->src\main\AndroidManifest.xml
11        android:targetSdkVersion="29" />
11-->src\main\AndroidManifest.xml
12
13    <supports-screens
13-->src\main\AndroidManifest.xml:4:3-163
14        android:anyDensity="true"
14-->src\main\AndroidManifest.xml:4:135-160
15        android:largeScreens="true"
15-->src\main\AndroidManifest.xml:4:78-105
16        android:normalScreens="true"
16-->src\main\AndroidManifest.xml:4:49-77
17        android:smallScreens="true"
17-->src\main\AndroidManifest.xml:4:21-48
18        android:xlargeScreens="true" />
18-->src\main\AndroidManifest.xml:4:106-134
19
20    <uses-feature android:glEsVersion="0x00030000" />
20-->[:unityLibrary] AndroidManifest.xml:12:5-54
20-->[:unityLibrary] AndroidManifest.xml:12:19-51
21    <uses-feature
21-->[:unityLibrary] AndroidManifest.xml:13:5-15:36
22        android:name="android.hardware.vulkan.version"
22-->[:unityLibrary] AndroidManifest.xml:14:9-55
23        android:required="false" />
23-->[:unityLibrary] AndroidManifest.xml:15:9-33
24    <uses-feature
24-->[:unityLibrary] AndroidManifest.xml:16:5-18:36
25        android:name="android.hardware.touchscreen"
25-->[:unityLibrary] AndroidManifest.xml:17:9-52
26        android:required="false" />
26-->[:unityLibrary] AndroidManifest.xml:18:9-33
27    <uses-feature
27-->[:unityLibrary] AndroidManifest.xml:19:5-21:36
28        android:name="android.hardware.touchscreen.multitouch"
28-->[:unityLibrary] AndroidManifest.xml:20:9-63
29        android:required="false" />
29-->[:unityLibrary] AndroidManifest.xml:21:9-33
30    <uses-feature
30-->[:unityLibrary] AndroidManifest.xml:22:5-24:36
31        android:name="android.hardware.touchscreen.multitouch.distinct"
31-->[:unityLibrary] AndroidManifest.xml:23:9-72
32        android:required="false" /> <!-- Although the *SdkVersion is captured in gradle build files, this is required for non gradle builds -->
32-->[:unityLibrary] AndroidManifest.xml:24:9-33
33    <!-- <uses-sdk android:minSdkVersion="14"/> -->
34    <uses-permission android:name="android.permission.ACCESS_NETWORK_STATE" />
34-->[:com.google.android.datatransport.transport-backend-cct-3.1.2:] AndroidManifest.xml:25:5-79
34-->[:com.google.android.datatransport.transport-backend-cct-3.1.2:] AndroidManifest.xml:25:22-76
35    <uses-permission android:name="android.permission.INTERNET" /> <!-- Include required permissions for Advertising Id -->
35-->[:com.google.android.datatransport.transport-backend-cct-3.1.2:] AndroidManifest.xml:26:5-67
35-->[:com.google.android.datatransport.transport-backend-cct-3.1.2:] AndroidManifest.xml:26:22-64
36    <uses-permission android:name="com.google.android.gms.permission.AD_ID" />
36-->[:com.google.android.gms.play-services-ads-identifier-18.0.0:] AndroidManifest.xml:23:5-79
36-->[:com.google.android.gms.play-services-ads-identifier-18.0.0:] AndroidManifest.xml:23:22-76
37    <uses-permission android:name="android.permission.WAKE_LOCK" /> <!-- Required by older versions of Google Play services to create IID tokens -->
37-->[:com.google.android.gms.play-services-cloud-messaging-17.0.1:] AndroidManifest.xml:9:5-68
37-->[:com.google.android.gms.play-services-cloud-messaging-17.0.1:] AndroidManifest.xml:9:22-65
38    <uses-permission android:name="com.google.android.c2dm.permission.RECEIVE" />
38-->[:com.google.android.gms.play-services-cloud-messaging-17.0.1:] AndroidManifest.xml:11:5-82
38-->[:com.google.android.gms.play-services-cloud-messaging-17.0.1:] AndroidManifest.xml:11:22-79
39    <uses-permission android:name="com.google.android.finsky.permission.BIND_GET_INSTALL_REFERRER_SERVICE" />
39-->[:com.google.android.gms.play-services-measurement-20.1.2:] AndroidManifest.xml:26:5-110
39-->[:com.google.android.gms.play-services-measurement-20.1.2:] AndroidManifest.xml:26:22-107
40
41    <permission
41-->[:com.google.firebase.firebase-messaging-unity-8.9.0:] AndroidManifest.xml:6:3-107
42        android:name="com.noi.quickdb.permission.C2D_MESSAGE"
42-->[:com.google.firebase.firebase-messaging-unity-8.9.0:] AndroidManifest.xml:6:15-68
43        android:protectionLevel="signature" />
43-->[:com.google.firebase.firebase-messaging-unity-8.9.0:] AndroidManifest.xml:6:69-104
44
45    <uses-permission android:name="com.noi.quickdb.permission.C2D_MESSAGE" />
45-->[:com.google.firebase.firebase-messaging-unity-8.9.0:] AndroidManifest.xml:7:3-76
45-->[:com.google.firebase.firebase-messaging-unity-8.9.0:] AndroidManifest.xml:7:20-73
46
47    <application
47-->src\main\AndroidManifest.xml:5:3-116
48        android:appComponentFactory="androidx.core.app.CoreComponentFactory"
48-->[:androidx.core.core-1.2.0:] AndroidManifest.xml:24:18-86
49        android:extractNativeLibs="true"
49-->src\main\AndroidManifest.xml:5:16-48
50        android:icon="@mipmap/app_icon"
50-->src\main\AndroidManifest.xml:5:82-113
51        android:label="@string/app_name" >
51-->src\main\AndroidManifest.xml:5:49-81
52        <!--
53         The MessagingUnityPlayerActivity is a class that extends
54         UnityPlayerActivity to work around a known issue when receiving
55         notification data payloads in the background.
56        -->
57        <activity
57-->[:unityLibrary] AndroidManifest.xml:35:9-54:20
58            android:name="com.google.firebase.MessagingUnityPlayerActivity"
58-->[:unityLibrary] AndroidManifest.xml:36:13-76
59            android:configChanges="mcc|mnc|locale|touchscreen|keyboard|keyboardHidden|navigation|orientation|screenLayout|uiMode|screenSize|smallestScreenSize|fontScale|layoutDirection|density"
59-->[:unityLibrary] AndroidManifest.xml:37:13-194
60            android:hardwareAccelerated="false"
60-->[:unityLibrary] AndroidManifest.xml:38:13-48
61            android:launchMode="singleTask"
61-->[:unityLibrary] AndroidManifest.xml:39:13-44
62            android:resizeableActivity="false"
62-->[:unityLibrary] AndroidManifest.xml:40:13-47
63            android:screenOrientation="sensorLandscape" >
63-->[:unityLibrary] AndroidManifest.xml:41:13-56
64            <intent-filter>
64-->[:unityLibrary] AndroidManifest.xml:42:13-46:29
65                <action android:name="android.intent.action.MAIN" />
65-->[:unityLibrary] AndroidManifest.xml:43:17-69
65-->[:unityLibrary] AndroidManifest.xml:43:25-66
66
67                <category android:name="android.intent.category.LAUNCHER" />
67-->[:unityLibrary] AndroidManifest.xml:45:17-77
67-->[:unityLibrary] AndroidManifest.xml:45:27-74
68            </intent-filter>
69
70            <meta-data
70-->[:unityLibrary] AndroidManifest.xml:48:13-50:40
71                android:name="unityplayer.UnityActivity"
71-->[:unityLibrary] AndroidManifest.xml:49:17-57
72                android:value="true" />
72-->[:unityLibrary] AndroidManifest.xml:50:17-37
73            <meta-data
73-->[:unityLibrary] AndroidManifest.xml:51:13-53:40
74                android:name="android.notch_support"
74-->[:unityLibrary] AndroidManifest.xml:52:17-53
75                android:value="true" />
75-->[:unityLibrary] AndroidManifest.xml:53:17-37
76        </activity>
77
78        <service
78-->[:unityLibrary] AndroidManifest.xml:56:9-60:19
79            android:name="com.google.firebase.messaging.MessageForwardingService"
79-->[:unityLibrary] AndroidManifest.xml:57:13-82
80            android:exported="false"
80-->[:unityLibrary] AndroidManifest.xml:58:13-37
81            android:permission="android.permission.BIND_JOB_SERVICE" >
81-->[:unityLibrary] AndroidManifest.xml:59:13-69
82        </service>
83
84        <meta-data
84-->[:unityLibrary] AndroidManifest.xml:62:9-64:33
85            android:name="unity.splash-mode"
85-->[:unityLibrary] AndroidManifest.xml:63:13-45
86            android:value="0" />
86-->[:unityLibrary] AndroidManifest.xml:64:13-30
87        <meta-data
87-->[:unityLibrary] AndroidManifest.xml:65:9-67:36
88            android:name="unity.splash-enable"
88-->[:unityLibrary] AndroidManifest.xml:66:13-47
89            android:value="True" />
89-->[:unityLibrary] AndroidManifest.xml:67:13-33
90        <meta-data
90-->[:unityLibrary] AndroidManifest.xml:68:9-70:37
91            android:name="unity.allow-resizable-window"
91-->[:unityLibrary] AndroidManifest.xml:69:13-56
92            android:value="False" />
92-->[:unityLibrary] AndroidManifest.xml:70:13-34
93        <meta-data
93-->[:unityLibrary] AndroidManifest.xml:71:9-73:50
94            android:name="notch.config"
94-->[:unityLibrary] AndroidManifest.xml:72:13-40
95            android:value="portrait|landscape" />
95-->[:unityLibrary] AndroidManifest.xml:73:13-47
96        <meta-data
96-->[:unityLibrary] AndroidManifest.xml:74:9-76:68
97            android:name="unity.build-id"
97-->[:unityLibrary] AndroidManifest.xml:75:13-42
98            android:value="15e94078-e32c-45e3-9b17-7d264e5a22d9" />
98-->[:unityLibrary] AndroidManifest.xml:76:13-65
99
100        <receiver
100-->[:unityLibrary] AndroidManifest.xml:78:9-80:39
101            android:name="com.unity.androidnotifications.UnityNotificationManager"
101-->[:unityLibrary] AndroidManifest.xml:79:13-83
102            android:exported="true" />
102-->[:unityLibrary] AndroidManifest.xml:80:13-36
103        <receiver
103-->[:unityLibrary] AndroidManifest.xml:81:9-87:20
104            android:name="com.unity.androidnotifications.UnityNotificationRestartOnBootReceiver"
104-->[:unityLibrary] AndroidManifest.xml:82:13-97
105            android:enabled="false" >
105-->[:unityLibrary] AndroidManifest.xml:83:13-36
106            <intent-filter>
106-->[:unityLibrary] AndroidManifest.xml:84:13-86:29
107                <action android:name="android.intent.action.BOOT_COMPLETED" />
107-->[:unityLibrary] AndroidManifest.xml:85:17-79
107-->[:unityLibrary] AndroidManifest.xml:85:25-76
108            </intent-filter>
109        </receiver>
110
111        <service
111-->[:com.google.android.datatransport.transport-backend-cct-3.1.2:] AndroidManifest.xml:29:9-35:19
112            android:name="com.google.android.datatransport.runtime.backends.TransportBackendDiscovery"
112-->[:com.google.android.datatransport.transport-backend-cct-3.1.2:] AndroidManifest.xml:30:13-103
113            android:exported="false" >
113-->[:com.google.android.datatransport.transport-backend-cct-3.1.2:] AndroidManifest.xml:31:13-37
114            <meta-data
114-->[:com.google.android.datatransport.transport-backend-cct-3.1.2:] AndroidManifest.xml:32:13-34:39
115                android:name="backend:com.google.android.datatransport.cct.CctBackendFactory"
115-->[:com.google.android.datatransport.transport-backend-cct-3.1.2:] AndroidManifest.xml:33:17-94
116                android:value="cct" />
116-->[:com.google.android.datatransport.transport-backend-cct-3.1.2:] AndroidManifest.xml:34:17-36
117        </service>
118        <service
118-->[:com.google.android.datatransport.transport-runtime-3.1.2:] AndroidManifest.xml:26:9-30:19
119            android:name="com.google.android.datatransport.runtime.scheduling.jobscheduling.JobInfoSchedulerService"
119-->[:com.google.android.datatransport.transport-runtime-3.1.2:] AndroidManifest.xml:27:13-117
120            android:exported="false"
120-->[:com.google.android.datatransport.transport-runtime-3.1.2:] AndroidManifest.xml:28:13-37
121            android:permission="android.permission.BIND_JOB_SERVICE" >
121-->[:com.google.android.datatransport.transport-runtime-3.1.2:] AndroidManifest.xml:29:13-69
122        </service>
123
124        <receiver
124-->[:com.google.android.datatransport.transport-runtime-3.1.2:] AndroidManifest.xml:32:9-34:40
125            android:name="com.google.android.datatransport.runtime.scheduling.jobscheduling.AlarmManagerSchedulerBroadcastReceiver"
125-->[:com.google.android.datatransport.transport-runtime-3.1.2:] AndroidManifest.xml:33:13-132
126            android:exported="false" />
126-->[:com.google.android.datatransport.transport-runtime-3.1.2:] AndroidManifest.xml:34:13-37
127
128        <activity
128-->[:com.google.android.gms.play-services-base-18.0.1:] AndroidManifest.xml:20:9-22:45
129            android:name="com.google.android.gms.common.api.GoogleApiActivity"
129-->[:com.google.android.gms.play-services-base-18.0.1:] AndroidManifest.xml:20:19-85
130            android:exported="false"
130-->[:com.google.android.gms.play-services-base-18.0.1:] AndroidManifest.xml:22:19-43
131            android:theme="@android:style/Theme.Translucent.NoTitleBar" />
131-->[:com.google.android.gms.play-services-base-18.0.1:] AndroidManifest.xml:21:19-78
132
133        <meta-data
133-->[:com.google.android.gms.play-services-basement-18.0.0:] AndroidManifest.xml:21:9-23:69
134            android:name="com.google.android.gms.version"
134-->[:com.google.android.gms.play-services-basement-18.0.0:] AndroidManifest.xml:22:13-58
135            android:value="@integer/google_play_services_version" />
135-->[:com.google.android.gms.play-services-basement-18.0.0:] AndroidManifest.xml:23:13-66
136
137        <receiver
137-->[:com.google.android.gms.play-services-measurement-20.1.2:] AndroidManifest.xml:29:9-33:20
138            android:name="com.google.android.gms.measurement.AppMeasurementReceiver"
138-->[:com.google.android.gms.play-services-measurement-20.1.2:] AndroidManifest.xml:30:13-85
139            android:enabled="true"
139-->[:com.google.android.gms.play-services-measurement-20.1.2:] AndroidManifest.xml:31:13-35
140            android:exported="false" >
140-->[:com.google.android.gms.play-services-measurement-20.1.2:] AndroidManifest.xml:32:13-37
141        </receiver>
142
143        <service
143-->[:com.google.android.gms.play-services-measurement-20.1.2:] AndroidManifest.xml:35:9-38:40
144            android:name="com.google.android.gms.measurement.AppMeasurementService"
144-->[:com.google.android.gms.play-services-measurement-20.1.2:] AndroidManifest.xml:36:13-84
145            android:enabled="true"
145-->[:com.google.android.gms.play-services-measurement-20.1.2:] AndroidManifest.xml:37:13-35
146            android:exported="false" />
146-->[:com.google.android.gms.play-services-measurement-20.1.2:] AndroidManifest.xml:38:13-37
147        <service
147-->[:com.google.android.gms.play-services-measurement-20.1.2:] AndroidManifest.xml:39:9-43:72
148            android:name="com.google.android.gms.measurement.AppMeasurementJobService"
148-->[:com.google.android.gms.play-services-measurement-20.1.2:] AndroidManifest.xml:40:13-87
149            android:enabled="true"
149-->[:com.google.android.gms.play-services-measurement-20.1.2:] AndroidManifest.xml:41:13-35
150            android:exported="false"
150-->[:com.google.android.gms.play-services-measurement-20.1.2:] AndroidManifest.xml:42:13-37
151            android:permission="android.permission.BIND_JOB_SERVICE" />
151-->[:com.google.android.gms.play-services-measurement-20.1.2:] AndroidManifest.xml:43:13-69
152        <service
152-->[:com.google.android.gms.play-services-measurement-api-20.1.2:] AndroidManifest.xml:28:9-34:19
153            android:name="com.google.firebase.components.ComponentDiscoveryService"
153-->[:com.google.android.gms.play-services-measurement-api-20.1.2:] AndroidManifest.xml:29:13-84
154            android:directBootAware="true"
154-->[:com.google.firebase.firebase-common-20.1.0:] AndroidManifest.xml:21:86-116
155            android:exported="false" >
155-->[:com.google.android.gms.play-services-measurement-api-20.1.2:] AndroidManifest.xml:30:13-37
156            <meta-data
156-->[:com.google.android.gms.play-services-measurement-api-20.1.2:] AndroidManifest.xml:31:13-33:85
157                android:name="com.google.firebase.components:com.google.firebase.analytics.connector.internal.AnalyticsConnectorRegistrar"
157-->[:com.google.android.gms.play-services-measurement-api-20.1.2:] AndroidManifest.xml:32:17-139
158                android:value="com.google.firebase.components.ComponentRegistrar" />
158-->[:com.google.android.gms.play-services-measurement-api-20.1.2:] AndroidManifest.xml:33:17-82
159            <meta-data
159-->[:com.google.firebase.firebase-auth-21.0.3:] AndroidManifest.xml:67:13-69:85
160                android:name="com.google.firebase.components:com.google.firebase.auth.FirebaseAuthRegistrar"
160-->[:com.google.firebase.firebase-auth-21.0.3:] AndroidManifest.xml:68:17-109
161                android:value="com.google.firebase.components.ComponentRegistrar" />
161-->[:com.google.firebase.firebase-auth-21.0.3:] AndroidManifest.xml:69:17-82
162            <meta-data
162-->[:com.google.firebase.firebase-database-20.0.4:] AndroidManifest.xml:32:13-34:85
163                android:name="com.google.firebase.components:com.google.firebase.database.DatabaseRegistrar"
163-->[:com.google.firebase.firebase-database-20.0.4:] AndroidManifest.xml:33:17-109
164                android:value="com.google.firebase.components.ComponentRegistrar" />
164-->[:com.google.firebase.firebase-database-20.0.4:] AndroidManifest.xml:34:17-82
165            <meta-data
165-->[:com.google.firebase.firebase-datatransport-18.1.1:] AndroidManifest.xml:28:13-30:85
166                android:name="com.google.firebase.components:com.google.firebase.datatransport.TransportRegistrar"
166-->[:com.google.firebase.firebase-datatransport-18.1.1:] AndroidManifest.xml:29:17-115
167                android:value="com.google.firebase.components.ComponentRegistrar" />
167-->[:com.google.firebase.firebase-datatransport-18.1.1:] AndroidManifest.xml:30:17-82
168            <meta-data
168-->[:com.google.firebase.firebase-iid-21.1.0:] AndroidManifest.xml:32:13-34:85
169                android:name="com.google.firebase.components:com.google.firebase.iid.Registrar"
169-->[:com.google.firebase.firebase-iid-21.1.0:] AndroidManifest.xml:33:17-96
170                android:value="com.google.firebase.components.ComponentRegistrar" />
170-->[:com.google.firebase.firebase-iid-21.1.0:] AndroidManifest.xml:34:17-82
171            <meta-data
171-->[:com.google.firebase.firebase-installations-17.0.1:] AndroidManifest.xml:18:13-20:85
172                android:name="com.google.firebase.components:com.google.firebase.installations.FirebaseInstallationsRegistrar"
172-->[:com.google.firebase.firebase-installations-17.0.1:] AndroidManifest.xml:19:17-127
173                android:value="com.google.firebase.components.ComponentRegistrar" />
173-->[:com.google.firebase.firebase-installations-17.0.1:] AndroidManifest.xml:20:17-82
174            <meta-data
174-->[:com.google.firebase.firebase-messaging-23.0.2:] AndroidManifest.xml:55:13-57:85
175                android:name="com.google.firebase.components:com.google.firebase.messaging.FirebaseMessagingRegistrar"
175-->[:com.google.firebase.firebase-messaging-23.0.2:] AndroidManifest.xml:56:17-119
176                android:value="com.google.firebase.components.ComponentRegistrar" />
176-->[:com.google.firebase.firebase-messaging-23.0.2:] AndroidManifest.xml:57:17-82
177        </service>
178
179        <activity
179-->[:com.google.firebase.firebase-auth-21.0.3:] AndroidManifest.xml:27:9-44:20
180            android:name="com.google.firebase.auth.internal.GenericIdpActivity"
180-->[:com.google.firebase.firebase-auth-21.0.3:] AndroidManifest.xml:28:13-80
181            android:excludeFromRecents="true"
181-->[:com.google.firebase.firebase-auth-21.0.3:] AndroidManifest.xml:29:13-46
182            android:exported="true"
182-->[:com.google.firebase.firebase-auth-21.0.3:] AndroidManifest.xml:30:13-36
183            android:launchMode="singleTask"
183-->[:com.google.firebase.firebase-auth-21.0.3:] AndroidManifest.xml:31:13-44
184            android:theme="@android:style/Theme.Translucent.NoTitleBar" >
184-->[:com.google.firebase.firebase-auth-21.0.3:] AndroidManifest.xml:32:13-72
185            <intent-filter>
185-->[:com.google.firebase.firebase-auth-21.0.3:] AndroidManifest.xml:33:13-43:29
186                <action android:name="android.intent.action.VIEW" />
186-->[:com.google.firebase.firebase-auth-21.0.3:] AndroidManifest.xml:34:17-69
186-->[:com.google.firebase.firebase-auth-21.0.3:] AndroidManifest.xml:34:25-66
187
188                <category android:name="android.intent.category.DEFAULT" />
188-->[:com.google.firebase.firebase-auth-21.0.3:] AndroidManifest.xml:36:17-76
188-->[:com.google.firebase.firebase-auth-21.0.3:] AndroidManifest.xml:36:27-73
189                <category android:name="android.intent.category.BROWSABLE" />
189-->[:com.google.firebase.firebase-auth-21.0.3:] AndroidManifest.xml:37:17-78
189-->[:com.google.firebase.firebase-auth-21.0.3:] AndroidManifest.xml:37:27-75
190
191                <data
191-->[:com.google.firebase.firebase-auth-21.0.3:] AndroidManifest.xml:39:17-42:51
192                    android:host="firebase.auth"
192-->[:com.google.firebase.firebase-auth-21.0.3:] AndroidManifest.xml:40:21-49
193                    android:path="/"
193-->[:com.google.firebase.firebase-auth-21.0.3:] AndroidManifest.xml:41:21-37
194                    android:scheme="genericidp" />
194-->[:com.google.firebase.firebase-auth-21.0.3:] AndroidManifest.xml:42:21-48
195            </intent-filter>
196        </activity>
197        <activity
197-->[:com.google.firebase.firebase-auth-21.0.3:] AndroidManifest.xml:45:9-62:20
198            android:name="com.google.firebase.auth.internal.RecaptchaActivity"
198-->[:com.google.firebase.firebase-auth-21.0.3:] AndroidManifest.xml:46:13-79
199            android:excludeFromRecents="true"
199-->[:com.google.firebase.firebase-auth-21.0.3:] AndroidManifest.xml:47:13-46
200            android:exported="true"
200-->[:com.google.firebase.firebase-auth-21.0.3:] AndroidManifest.xml:48:13-36
201            android:launchMode="singleTask"
201-->[:com.google.firebase.firebase-auth-21.0.3:] AndroidManifest.xml:49:13-44
202            android:theme="@android:style/Theme.Translucent.NoTitleBar" >
202-->[:com.google.firebase.firebase-auth-21.0.3:] AndroidManifest.xml:50:13-72
203            <intent-filter>
203-->[:com.google.firebase.firebase-auth-21.0.3:] AndroidManifest.xml:51:13-61:29
204                <action android:name="android.intent.action.VIEW" />
204-->[:com.google.firebase.firebase-auth-21.0.3:] AndroidManifest.xml:34:17-69
204-->[:com.google.firebase.firebase-auth-21.0.3:] AndroidManifest.xml:34:25-66
205
206                <category android:name="android.intent.category.DEFAULT" />
206-->[:com.google.firebase.firebase-auth-21.0.3:] AndroidManifest.xml:36:17-76
206-->[:com.google.firebase.firebase-auth-21.0.3:] AndroidManifest.xml:36:27-73
207                <category android:name="android.intent.category.BROWSABLE" />
207-->[:com.google.firebase.firebase-auth-21.0.3:] AndroidManifest.xml:37:17-78
207-->[:com.google.firebase.firebase-auth-21.0.3:] AndroidManifest.xml:37:27-75
208
209                <data
209-->[:com.google.firebase.firebase-auth-21.0.3:] AndroidManifest.xml:39:17-42:51
210                    android:host="firebase.auth"
210-->[:com.google.firebase.firebase-auth-21.0.3:] AndroidManifest.xml:40:21-49
211                    android:path="/"
211-->[:com.google.firebase.firebase-auth-21.0.3:] AndroidManifest.xml:41:21-37
212                    android:scheme="recaptcha" />
212-->[:com.google.firebase.firebase-auth-21.0.3:] AndroidManifest.xml:42:21-48
213            </intent-filter>
214        </activity>
215
216        <provider
216-->[:com.google.firebase.firebase-common-20.1.0:] AndroidManifest.xml:20:5-221
217            android:name="com.google.firebase.provider.FirebaseInitProvider"
217-->[:com.google.firebase.firebase-common-20.1.0:] AndroidManifest.xml:20:15-79
218            android:authorities="com.noi.quickdb.firebaseinitprovider"
218-->[:com.google.firebase.firebase-common-20.1.0:] AndroidManifest.xml:20:80-138
219            android:directBootAware="true"
219-->[:com.google.firebase.firebase-common-20.1.0:] AndroidManifest.xml:20:139-169
220            android:exported="false"
220-->[:com.google.firebase.firebase-common-20.1.0:] AndroidManifest.xml:20:170-194
221            android:initOrder="100" />
221-->[:com.google.firebase.firebase-common-20.1.0:] AndroidManifest.xml:20:195-218
222
223        <receiver
223-->[:com.google.firebase.firebase-messaging-23.0.2:] AndroidManifest.xml:31:9-38:20
224            android:name="com.google.firebase.iid.FirebaseInstanceIdReceiver"
224-->[:com.google.firebase.firebase-messaging-23.0.2:] AndroidManifest.xml:32:13-78
225            android:exported="true"
225-->[:com.google.firebase.firebase-messaging-23.0.2:] AndroidManifest.xml:33:13-36
226            android:permission="com.google.android.c2dm.permission.SEND" >
226-->[:com.google.firebase.firebase-messaging-23.0.2:] AndroidManifest.xml:34:13-73
227            <intent-filter>
227-->[:com.google.firebase.firebase-messaging-23.0.2:] AndroidManifest.xml:35:13-37:29
228                <action android:name="com.google.android.c2dm.intent.RECEIVE" />
228-->[:com.google.firebase.firebase-messaging-23.0.2:] AndroidManifest.xml:36:17-81
228-->[:com.google.firebase.firebase-messaging-23.0.2:] AndroidManifest.xml:36:25-78
229            </intent-filter>
230        </receiver>
231        <!--
232             FirebaseMessagingService performs security checks at runtime,
233             but set to not exported to explicitly avoid allowing another app to call it.
234        -->
235        <service
235-->[:com.google.firebase.firebase-messaging-23.0.2:] AndroidManifest.xml:44:9-51:19
236            android:name="com.google.firebase.messaging.FirebaseMessagingService"
236-->[:com.google.firebase.firebase-messaging-23.0.2:] AndroidManifest.xml:45:13-82
237            android:directBootAware="true"
237-->[:com.google.firebase.firebase-messaging-23.0.2:] AndroidManifest.xml:46:13-43
238            android:exported="false" >
238-->[:com.google.firebase.firebase-messaging-23.0.2:] AndroidManifest.xml:47:13-37
239            <intent-filter android:priority="-500" >
239-->[:com.google.firebase.firebase-messaging-23.0.2:] AndroidManifest.xml:48:13-50:29
239-->[:com.google.firebase.firebase-messaging-23.0.2:] AndroidManifest.xml:48:28-51
240                <action android:name="com.google.firebase.MESSAGING_EVENT" />
240-->[:com.google.firebase.firebase-messaging-23.0.2:] AndroidManifest.xml:49:17-78
240-->[:com.google.firebase.firebase-messaging-23.0.2:] AndroidManifest.xml:49:25-75
241            </intent-filter>
242        </service>
243        <service
243-->[:com.google.firebase.firebase-messaging-unity-8.9.0:] AndroidManifest.xml:9:5-13:15
244            android:name="com.google.firebase.messaging.cpp.ListenerService"
244-->[:com.google.firebase.firebase-messaging-unity-8.9.0:] AndroidManifest.xml:9:14-78
245            android:exported="false" >
245-->[:com.google.firebase.firebase-messaging-unity-8.9.0:] AndroidManifest.xml:9:79-103
246            <intent-filter>
246-->[:com.google.firebase.firebase-messaging-23.0.2:] AndroidManifest.xml:48:13-50:29
247                <action android:name="com.google.firebase.MESSAGING_EVENT" />
247-->[:com.google.firebase.firebase-messaging-23.0.2:] AndroidManifest.xml:49:17-78
247-->[:com.google.firebase.firebase-messaging-23.0.2:] AndroidManifest.xml:49:25-75
248            </intent-filter>
249        </service>
250        <service
250-->[:com.google.firebase.firebase-messaging-unity-8.9.0:] AndroidManifest.xml:14:5-124
251            android:name="com.google.firebase.messaging.cpp.RegistrationIntentService"
251-->[:com.google.firebase.firebase-messaging-unity-8.9.0:] AndroidManifest.xml:14:14-88
252            android:exported="false" />
252-->[:com.google.firebase.firebase-messaging-unity-8.9.0:] AndroidManifest.xml:14:89-113
253    </application>
254
255</manifest>